<?xml version="1.0" encoding="UTF-8"?>
<!-- Generated by org.testng.reporters.JUnitReportReporter -->
<testsuite hostname="DESKTOP-E11VTBO" failures="0" tests="1" name="qaautomation.may2022.CommonTest" time="13.248" errors="0" timestamp="2022-05-29T06:11:16 ICT" skipped="0">
  <testcase classname="qaautomation.may2022.CommonTest" name="testSwitching" time="13.248"/>
  <system-out/>
</testsuite> <!-- qaautomation.may2022.CommonTest -->
