<?xml version="1.0" encoding="UTF-8"?>
<!-- Generated by org.testng.reporters.JUnitReportReporter -->
<testsuite hostname="DESKTOP-E11VTBO" failures="0" tests="4" name="qaautomation.may2022.WebTestAfterPOM" time="24.727" errors="0" timestamp="2022-05-29T04:49:04 ICT" skipped="0">
  <testcase classname="qaautomation.may2022.WebTestAfterPOM" name="testLogin" time="5.664"/>
  <system-out/>
  <testcase classname="qaautomation.may2022.WebTestAfterPOM" name="testLoginFailedWrongUsernameandPassword" time="4.997"/>
  <system-out/>
  <testcase classname="qaautomation.may2022.WebTestAfterPOM" name="testLoginFailedWrongPassword" time="5.450"/>
  <system-out/>
  <testcase classname="qaautomation.may2022.WebTestAfterPOM" name="testLoginFailedWrongUsername" time="8.616"/>
  <system-out/>
</testsuite> <!-- qaautomation.may2022.WebTestAfterPOM -->
