<?xml version="1.0" encoding="UTF-8"?>
<!-- Generated by org.testng.reporters.JUnitReportReporter -->
<testsuite hostname="DESKTOP-E11VTBO" failures="0" tests="4" name="qaautomation.tugas5.APITest" time="14.485" errors="0" timestamp="2022-06-11T05:49:17 ICT" skipped="0">
  <testcase classname="qaautomation.tugas5.APITest" name="registerAPI3" time="1.518"/>
  <system-out/>
  <testcase classname="qaautomation.tugas5.APITest" name="registerAPI1" time="1.528"/>
  <system-out/>
  <testcase classname="qaautomation.tugas5.APITest" name="registerAPI2" time="1.689"/>
  <system-out/>
  <testcase classname="qaautomation.tugas5.APITest" name="registerAPI" time="9.750"/>
  <system-out/>
</testsuite> <!-- qaautomation.tugas5.APITest -->
