<?xml version="1.0" encoding="UTF-8"?>
<!-- Generated by org.testng.reporters.JUnitReportReporter -->
<testsuite hostname="DESKTOP-E11VTBO" failures="0" tests="1" name="qaautomation.may2022.AppTest" time="0.002" errors="0" timestamp="2022-05-29T04:50:05 ICT" skipped="0">
  <testcase classname="qaautomation.may2022.AppTest" name="shouldAnswerWithTrue" time="0.002"/>
  <system-out/>
</testsuite> <!-- qaautomation.may2022.AppTest -->
