<?xml version="1.0" encoding="UTF-8"?>
<!-- Generated by org.testng.reporters.JUnitReportReporter -->
<testsuite hostname="DESKTOP-E11VTBO" failures="0" tests="4" name="qaautomation.tugas5.APITest" time="7.751" errors="0" timestamp="2022-06-10T15:51:34 ICT" skipped="0">
  <testcase classname="qaautomation.tugas5.APITest" name="registerAPI2" time="2.474"/>
  <system-out/>
  <testcase classname="qaautomation.tugas5.APITest" name="registerAPI1" time="1.421"/>
  <system-out/>
  <testcase classname="qaautomation.tugas5.APITest" name="registerAPI3" time="1.398"/>
  <system-out/>
  <testcase classname="qaautomation.tugas5.APITest" name="registerAPI" time="2.458"/>
  <system-out/>
</testsuite> <!-- qaautomation.tugas5.APITest -->
