<?xml version="1.0" encoding="UTF-8"?>
<!-- Generated by org.testng.reporters.JUnitReportReporter -->
<testsuite hostname="DESKTOP-E11VTBO" failures="0" tests="4" name="qaautomation.may2022.WebTestAfterRefactor" time="24.710" errors="0" timestamp="2022-05-29T04:50:05 ICT" skipped="0">
  <testcase classname="qaautomation.may2022.WebTestAfterRefactor" name="testLoginFailedWrongPassword" time="5.135"/>
  <system-out/>
  <testcase classname="qaautomation.may2022.WebTestAfterRefactor" name="testLoginFailedWrongUsernameandPassword" time="7.792"/>
  <system-out/>
  <testcase classname="qaautomation.may2022.WebTestAfterRefactor" name="testLoginFailedWrongUsername" time="6.748"/>
  <system-out/>
  <testcase classname="qaautomation.may2022.WebTestAfterRefactor" name="testLogin" time="5.035"/>
  <system-out/>
</testsuite> <!-- qaautomation.may2022.WebTestAfterRefactor -->
