<?xml version="1.0" encoding="UTF-8"?>
<!-- Generated by org.testng.reporters.JUnitReportReporter -->
<testsuite hostname="DESKTOP-E11VTBO" failures="0" tests="1" name="qaautomation.tugas4.WebTestAfterPageFactory" time="13.173" errors="0" timestamp="2022-06-02T22:03:51 ICT" skipped="0">
  <testcase classname="qaautomation.tugas4.WebTestAfterPageFactory" name="testLogin" time="13.173"/>
  <system-out/>
</testsuite> <!-- qaautomation.tugas4.WebTestAfterPageFactory -->
