<?xml version="1.0" encoding="UTF-8"?>
<!-- Generated by org.testng.reporters.JUnitReportReporter -->
<testsuite hostname="DESKTOP-E11VTBO" failures="0" tests="1" name="qaautomation.tugas4.CommonTest" time="15.508" errors="0" timestamp="2022-06-02T03:32:17 ICT" skipped="0">
  <testcase classname="qaautomation.tugas4.CommonTest" name="testSwitching" time="15.508"/>
  <system-out/>
</testsuite> <!-- qaautomation.tugas4.CommonTest -->
