<?xml version="1.0" encoding="UTF-8"?>
<!-- Generated by org.testng.reporters.JUnitReportReporter -->
<testsuite hostname="Legion-5" failures="0" tests="1" name="qaautomation.may2022.WebTest2" time="11.336" errors="0" timestamp="2022-05-21T15:50:50 WIB" skipped="0">
  <testcase classname="qaautomation.may2022.WebTest2" name="testLogin" time="11.336"/>
  <system-out/>
</testsuite> <!-- qaautomation.may2022.WebTest2 -->
