<?xml version="1.0" encoding="UTF-8"?>
<!-- Generated by org.testng.reporters.JUnitReportReporter -->
<testsuite hostname="DESKTOP-E11VTBO" failures="0" tests="1" name="qaautomation.tugas4.WebTestYopMail" time="6.504" errors="0" timestamp="2022-06-10T15:51:34 ICT" skipped="0">
  <testcase classname="qaautomation.tugas4.WebTestYopMail" name="testLogin" time="6.504"/>
  <system-out/>
</testsuite> <!-- qaautomation.tugas4.WebTestYopMail -->
