<?xml version="1.0" encoding="UTF-8"?>
<!-- Generated by org.testng.reporters.JUnitReportReporter -->
<testsuite hostname="DESKTOP-E11VTBO" failures="0" tests="1" name="qaautomation.tugas3.WebTestAfterPageFactory" time="6.138" errors="0" timestamp="2022-05-29T12:40:43 ICT" skipped="0">
  <testcase classname="qaautomation.tugas3.WebTestAfterPageFactory" name="testLogin" time="6.138"/>
  <system-out/>
</testsuite> <!-- qaautomation.tugas3.WebTestAfterPageFactory -->
