<?xml version="1.0" encoding="UTF-8"?>
<!-- Generated by org.testng.reporters.JUnitReportReporter -->
<testsuite hostname="DESKTOP-E11VTBO" failures="0" tests="1" name="qaautomation.tugas4.WebTestYopMail" time="9.336" errors="0" timestamp="2022-06-11T05:49:17 ICT" skipped="0">
  <testcase classname="qaautomation.tugas4.WebTestYopMail" name="testLogin" time="9.336"/>
  <system-out/>
</testsuite> <!-- qaautomation.tugas4.WebTestYopMail -->
