<?xml version="1.0" encoding="UTF-8"?>
<!-- Generated by org.testng.reporters.JUnitReportReporter -->
<testsuite hostname="Legion-5" failures="0" tests="4" name="qaautomation.may2022.WebTest" time="31.659" errors="0" timestamp="2022-05-22T13:21:47 WIB" skipped="0">
  <testcase classname="qaautomation.may2022.WebTest" name="testLogin" time="6.701"/>
  <system-out/>
  <testcase classname="qaautomation.may2022.WebTest" name="testLoginFailedWrongUsername" time="6.898"/>
  <system-out/>
  <testcase classname="qaautomation.may2022.WebTest" name="testLoginFailedWrongPassword" time="8.995"/>
  <system-out/>
  <testcase classname="qaautomation.may2022.WebTest" name="testLoginFailedWrongUsernameandPassword" time="9.065"/>
  <system-out/>
</testsuite> <!-- qaautomation.may2022.WebTest -->
