<?xml version="1.0" encoding="UTF-8"?>
<!-- Generated by org.testng.reporters.JUnitReportReporter -->
<testsuite hostname="DESKTOP-E11VTBO" failures="0" tests="1" name="qaautomation.tugas3.WebTestSauceDemo" time="18.289" errors="0" timestamp="12 Jun 2022 08:14:28 GMT" skipped="0">
  <testcase classname="qaautomation.tugas3.WebTestSauceDemo" name="testLogin" time="18.289"/>
</testsuite> <!-- qaautomation.tugas3.WebTestSauceDemo -->
