<?xml version="1.0" encoding="UTF-8"?>
<!-- Generated by org.testng.reporters.JUnitReportReporter -->
<testsuite hostname="DESKTOP-E11VTBO" failures="0" tests="4" name="qaautomation.tugas5.APITest" time="17.566" errors="0" timestamp="12 Jun 2022 08:14:28 GMT" skipped="0">
  <testcase classname="qaautomation.tugas5.APITest" name="registerAPI2" time="1.718"/>
  <testcase classname="qaautomation.tugas5.APITest" name="registerAPI3" time="1.558"/>
  <testcase classname="qaautomation.tugas5.APITest" name="registerAPI" time="12.473"/>
  <testcase classname="qaautomation.tugas5.APITest" name="registerAPI1" time="1.817"/>
</testsuite> <!-- qaautomation.tugas5.APITest -->
